[    0.000000] Initializing cgroup subsys cpuset
[    0.000000] Initializing cgroup subsys cpu
[    0.000000] Initializing cgroup subsys cpuacct
[    0.000000] Linux version 4.4.0-177-generic (buildd@lgw01-amd64-035) (gcc version 5.4.0 20160609 (Ubuntu 5.4.0-6ubuntu1~16.04.12) ) #207-Ubuntu SMP Mon Mar 16 01:16:10 UTC 2020 (Ubuntu 4.4.0-177.207-generic 4.4.214)
[    0.000000] Command line: BOOT_IMAGE=/boot/vmlinuz-4.4.0-177-generic root=LABEL=cloudimg-rootfs ro console=tty1 console=ttyS0
[    0.000000] KERNEL supported cpus:
[    0.000000]   Intel GenuineIntel
[    0.000000]   AMD AuthenticAMD
[    0.000000]   Centaur CentaurHauls
[    0.000000] x86/fpu: Legacy x87 FPU detected.
[    0.000000] e820: BIOS-provided physical RAM map:
[    0.000000] BIOS-e820: [mem 0x0000000000000000-0x000000000009fbff] usable
[    0.000000] BIOS-e820: [mem 0x000000000009fc00-0x000000000009ffff] reserved
[    0.000000] BIOS-e820: [mem 0x00000000000f0000-0x00000000000fffff] reserved
[    0.000000] BIOS-e820: [mem 0x0000000000100000-0x000000003ffeffff] usable
[    0.000000] BIOS-e820: [mem 0x000000003fff0000-0x000000003fffffff] ACPI data
[    0.000000] BIOS-e820: [mem 0x00000000fec00000-0x00000000fec00fff] reserved
[    0.000000] BIOS-e820: [mem 0x00000000fee00000-0x00000000fee00fff] reserved
[    0.000000] BIOS-e820: [mem 0x00000000fffc0000-0x00000000ffffffff] reserved
[    0.000000] NX (Execute Disable) protection: active
[    0.000000] SMBIOS 2.5 present.
[    0.000000] Hypervisor detected: KVM
[    0.000000] e820: last_pfn = 0x3fff0 max_arch_pfn = 0x400000000
[    0.000000] MTRR: Disabled
[    0.000000] x86/PAT: MTRRs disabled, skipping PAT initialization too.
[    0.000000] CPU MTRRs all blank - virtualized system.
[    0.000000] x86/PAT: Configuration [0-7]: WB  WT  UC- UC  WB  WT  UC- UC  
[    0.000000] found SMP MP-table at [mem 0x0009fff0-0x0009ffff] mapped at [ffff88000009fff0]
[    0.000000] Scanning 1 areas for low memory corruption
[    0.000000] RAMDISK: [mem 0x362e2000-0x37168fff]
[    0.000000] ACPI: Early table checksum verification disabled
[    0.000000] ACPI: RSDP 0x00000000000E0000 000024 (v02 VBOX  )
[    0.000000] ACPI: XSDT 0x000000003FFF0030 00003C (v01 VBOX   VBOXXSDT 00000001 ASL  00000061)
[    0.000000] ACPI: FACP 0x000000003FFF00F0 0000F4 (v04 VBOX   VBOXFACP 00000001 ASL  00000061)
[    0.000000] ACPI: DSDT 0x000000003FFF0470 002325 (v02 VBOX   VBOXBIOS 00000002 INTL 20180105)
[    0.000000] ACPI: FACS 0x000000003FFF0200 000040
[    0.000000] ACPI: FACS 0x000000003FFF0200 000040
[    0.000000] ACPI: APIC 0x000000003FFF0240 00005C (v02 VBOX   VBOXAPIC 00000001 ASL  00000061)
[    0.000000] ACPI: SSDT 0x000000003FFF02A0 0001CC (v01 VBOX   VBOXCPUT 00000002 INTL 20180105)
[    0.000000] No NUMA configuration found
[    0.000000] Faking a node at [mem 0x0000000000000000-0x000000003ffeffff]
[    0.000000] NODE_DATA(0) allocated [mem 0x3ffeb000-0x3ffeffff]
[    0.000000] kvm-clock: Using msrs 4b564d01 and 4b564d00
[    0.000000] kvm-clock: cpu 0, msr 0:3ffe3001, primary cpu clock
[    0.000000] kvm-clock: using sched offset of 3915705473 cycles
[    0.000000] clocksource: kvm-clock: mask: 0xffffffffffffffff max_cycles: 0x1cd42e4dffb, max_idle_ns: 881590591483 ns
[    0.000000] Zone ranges:
[    0.000000]   DMA      [mem 0x0000000000001000-0x0000000000ffffff]
[    0.000000]   DMA32    [mem 0x0000000001000000-0x000000003ffeffff]
[    0.000000]   Normal   empty
[    0.000000]   Device   empty
[    0.000000] Movable zone start for each node
[    0.000000] Early memory node ranges
[    0.000000]   node   0: [mem 0x0000000000001000-0x000000000009efff]
[    0.000000]   node   0: [mem 0x0000000000100000-0x000000003ffeffff]
[    0.000000] Initmem setup node 0 [mem 0x0000000000001000-0x000000003ffeffff]
[    0.000000] ACPI: PM-Timer IO Port: 0x4008
[    0.000000] IOAPIC[0]: apic_id 2, version 32, address 0xfec00000, GSI 0-23
[    0.000000] ACPI: INT_SRC_OVR (bus 0 bus_irq 0 global_irq 2 dfl dfl)
[    0.000000] ACPI: INT_SRC_OVR (bus 0 bus_irq 9 global_irq 9 low level)
[    0.000000] Using ACPI (MADT) for SMP configuration information
[    0.000000] smpboot: Allowing 2 CPUs, 0 hotplug CPUs
[    0.000000] PM: Registered nosave memory: [mem 0x00000000-0x00000fff]
[    0.000000] PM: Registered nosave memory: [mem 0x0009f000-0x0009ffff]
[    0.000000] PM: Registered nosave memory: [mem 0x000a0000-0x000effff]
[    0.000000] PM: Registered nosave memory: [mem 0x000f0000-0x000fffff]
[    0.000000] e820: [mem 0x40000000-0xfebfffff] available for PCI devices
[    0.000000] Booting paravirtualized kernel on KVM
[    0.000000] clocksource: refined-jiffies: mask: 0xffffffff max_cycles: 0xffffffff, max_idle_ns: 7645519600211568 ns
[    0.000000] setup_percpu: NR_CPUS:512 nr_cpumask_bits:512 nr_cpu_ids:2 nr_node_ids:1
[    0.000000] PERCPU: Embedded 33 pages/cpu @ffff88003fc00000 s95448 r8192 d31528 u1048576
[    0.000000] Built 1 zonelists in Node order, mobility grouping on.  Total pages: 257912
[    0.000000] Policy zone: DMA32
[    0.000000] Kernel command line: BOOT_IMAGE=/boot/vmlinuz-4.4.0-177-generic root=LABEL=cloudimg-rootfs ro console=tty1 console=ttyS0
[    0.000000] PID hash table entries: 4096 (order: 3, 32768 bytes)
[    0.000000] Memory: 997676K/1048120K available (8626K kernel code, 1336K rwdata, 4036K rodata, 1488K init, 1292K bss, 50444K reserved, 0K cma-reserved)
[    0.000000] SLUB: HWalign=64, Order=0-3, MinObjects=0, CPUs=2, Nodes=1
[    0.000000] Kernel/User page tables isolation: enabled
[    0.000000] Hierarchical RCU implementation.
[    0.000000] 	Build-time adjustment of leaf fanout to 64.
[    0.000000] 	RCU restricting CPUs from NR_CPUS=512 to nr_cpu_ids=2.
[    0.000000] RCU: Adjusting geometry for rcu_fanout_leaf=64, nr_cpu_ids=2
[    0.000000] NR_IRQS:33024 nr_irqs:440 16
[    0.000000] Console: colour VGA+ 80x25
[    0.000000] console [tty1] enabled
[    0.000000] console [ttyS0] enabled
[    0.000000] tsc: Detected 2527.000 MHz processor
[    0.163222] Calibrating delay loop (skipped) preset value.. 5054.00 BogoMIPS (lpj=10108000)
[    0.165168] pid_max: default: 32768 minimum: 301
[    0.166213] ACPI: Core revision 20150930
[    0.168335] ACPI: 2 ACPI AML tables successfully acquired and loaded
[    0.169808] Security Framework initialized
[    0.170764] Yama: becoming mindful.
[    0.171618] AppArmor: AppArmor initialized
[    0.172647] Dentry cache hash table entries: 131072 (order: 8, 1048576 bytes)
[    0.175584] Inode-cache hash table entries: 65536 (order: 7, 524288 bytes)
[    0.177292] Mount-cache hash table entries: 2048 (order: 2, 16384 bytes)
[    0.178700] Mountpoint-cache hash table entries: 2048 (order: 2, 16384 bytes)
[    0.180343] Initializing cgroup subsys io
[    0.181312] Initializing cgroup subsys memory
[    0.182323] Initializing cgroup subsys devices
[    0.183309] Initializing cgroup subsys freezer
[    0.184367] Initializing cgroup subsys net_cls
[    0.185377] Initializing cgroup subsys perf_event
[    0.186450] Initializing cgroup subsys net_prio
[    0.187469] Initializing cgroup subsys hugetlb
[    0.188459] Initializing cgroup subsys pids
[    0.189510] mce: CPU supports 0 MCE banks
[    0.190493] Last level iTLB entries: 4KB 512, 2MB 7, 4MB 7
[    0.191647] Last level dTLB entries: 4KB 512, 2MB 32, 4MB 32, 1GB 0
[    0.192925] Spectre V1 : Mitigation: usercopy/swapgs barriers and __user pointer sanitization
[    0.194799] Spectre V2 : Mitigation: Full generic retpoline
[    0.195950] Spectre V2 : Spectre v2 / SpectreRSB mitigation: Filling RSB on context switch
[    0.197758] Speculative Store Bypass: Vulnerable
[    0.198911] MDS: Vulnerable: Clear CPU buffers attempted, no microcode
[    0.203777] Freeing SMP alternatives memory: 36K
[    0.212890] ftrace: allocating 32304 entries in 127 pages
[    0.289300] smpboot: APIC(0) Converting physical 0 to logical package 0
[    0.290773] smpboot: Max logical packages: 1
[    0.292023] x2apic enabled
[    0.293006] Switched APIC routing to physical x2apic.
[    0.295423] ..TIMER: vector=0x30 apic1=0 pin1=2 apic2=-1 pin2=-1
[    0.404828] smpboot: CPU0: Intel(R) Core(TM) i5 CPU       M 460  @ 2.53GHz (family: 0x6, model: 0x25, stepping: 0x5)
[    0.407305] Performance Events: unsupported p6 CPU model 37 no PMU driver, software events only.
[    0.421981] KVM setup paravirtual spinlock
[    0.423826] x86: Booting SMP configuration:
[    0.424865] .... node  #0, CPUs:      #1
[    0.426002] kvm-clock: cpu 1, msr 0:3ffe3041, secondary cpu clock
[    0.427314] mce: CPU supports 0 MCE banks
[    0.430129] x86: Booted up 1 node, 2 CPUs
[    0.431321] smpboot: Total of 2 processors activated (10108.00 BogoMIPS)
[    0.433477] devtmpfs: initialized
[    0.436308] evm: security.selinux
[    0.437143] evm: security.SMACK64
[    0.437951] evm: security.SMACK64EXEC
[    0.438801] evm: security.SMACK64TRANSMUTE
[    0.439717] evm: security.SMACK64MMAP
[    0.440602] evm: security.ima
[    0.441371] evm: security.capability
[    0.442439] clocksource: jiffies: mask: 0xffffffff max_cycles: 0xffffffff, max_idle_ns: 7645041785100000 ns
[    0.444531] futex hash table entries: 512 (order: 3, 32768 bytes)
[    0.446080] pinctrl core: initialized pinctrl subsystem
[    0.447364] RTC time:  0:21:25, date: 04/14/20
[    0.448571] NET: Registered protocol family 16
[    0.460549] cpuidle: using governor ladder
[    0.472722] cpuidle: using governor menu
[    0.474246] PCCT header not found.
[    0.475636] ACPI: bus type PCI registered
[    0.477244] acpiphp: ACPI Hot Plug PCI Controller Driver version: 0.5
[    0.479670] PCI: Using configuration type 1 for base access
[    0.494203] ACPI: Added _OSI(Module Device)
[    0.496120] ACPI: Added _OSI(Processor Device)
[    0.498108] ACPI: Added _OSI(3.0 _SCP Extensions)
[    0.500182] ACPI: Added _OSI(Processor Aggregator Device)
[    0.505081] ACPI: Executed 1 blocks of module-level executable AML code
[    0.510696] ACPI: Interpreter enabled
[    0.512098] ACPI: (supports S0 S5)
[    0.513193] ACPI: Using IOAPIC for interrupt routing
[    0.514465] PCI: Using host bridge windows from ACPI; if necessary, use "pci=nocrs" and report a bug
[    0.520804] ACPI: PCI Root Bridge [PCI0] (domain 0000 [bus 00-ff])
[    0.522113] acpi PNP0A03:00: _OSC: OS supports [ASPM ClockPM Segments MSI]
[    0.523861] acpi PNP0A03:00: _OSC: not requesting OS control; OS requires [ExtendedConfig ASPM ClockPM MSI]
[    0.525980] acpi PNP0A03:00: fail to add MMCONFIG information, can't access extended PCI configuration space under this bridge.
[    0.528673] PCI host bridge to bus 0000:00
[    0.529627] pci_bus 0000:00: root bus resource [io  0x0000-0x0cf7 window]
[    0.530980] pci_bus 0000:00: root bus resource [io  0x0d00-0xffff window]
[    0.532367] pci_bus 0000:00: root bus resource [mem 0x000a0000-0x000bffff window]
[    0.534050] pci_bus 0000:00: root bus resource [mem 0x40000000-0xfdffffff window]
[    0.535713] pci_bus 0000:00: root bus resource [bus 00-ff]
[    0.538798] pci 0000:00:01.1: legacy IDE quirk: reg 0x10: [io  0x01f0-0x01f7]
[    0.540252] pci 0000:00:01.1: legacy IDE quirk: reg 0x14: [io  0x03f6]
[    0.541551] pci 0000:00:01.1: legacy IDE quirk: reg 0x18: [io  0x0170-0x0177]
[    0.542935] pci 0000:00:01.1: legacy IDE quirk: reg 0x1c: [io  0x0376]
[    0.584199] pci 0000:00:07.0: quirk: [io  0x4000-0x403f] claimed by PIIX4 ACPI
[    0.586711] pci 0000:00:07.0: quirk: [io  0x4100-0x410f] claimed by PIIX4 SMB
[    0.613665] ACPI: PCI Interrupt Link [LNKA] (IRQs 5 9 10 *11)
[    0.616982] ACPI: PCI Interrupt Link [LNKB] (IRQs 5 9 *10 11)
[    0.619987] ACPI: PCI Interrupt Link [LNKC] (IRQs 5 *9 10 11)
[    0.634548] ACPI: PCI Interrupt Link [LNKD] (IRQs 5 9 10 *11)
[    0.636617] ACPI: Enabled 2 GPEs in block 00 to 07
[    0.638421] vgaarb: setting as boot device: PCI:0000:00:02.0
[    0.639715] vgaarb: device added: PCI:0000:00:02.0,decodes=io+mem,owns=io+mem,locks=none
[    0.641597] vgaarb: loaded
[    0.642348] vgaarb: bridge control possible 0000:00:02.0
[    0.643825] SCSI subsystem initialized
[    0.644947] ACPI: bus type USB registered
[    0.645904] usbcore: registered new interface driver usbfs
[    0.647128] usbcore: registered new interface driver hub
[    0.648346] usbcore: registered new device driver usb
[    0.649805] PCI: Using ACPI for IRQ routing
[    0.651129] NetLabel: Initializing
[    0.652058] NetLabel:  domain hash size = 128
[    0.653078] NetLabel:  protocols = UNLABELED CIPSOv4
[    0.654152] NetLabel:  unlabeled traffic allowed by default
[    0.655556] amd_nb: Cannot enumerate AMD northbridges
[    0.656809] clocksource: Switched to clocksource kvm-clock
[    0.670092] AppArmor: AppArmor Filesystem Enabled
[    0.671556] pnp: PnP ACPI init
[    0.673612] pnp: PnP ACPI: found 3 devices
[    0.686398] clocksource: acpi_pm: mask: 0xffffff max_cycles: 0xffffff, max_idle_ns: 2085701024 ns
[    0.689426] NET: Registered protocol family 2
[    0.691485] TCP established hash table entries: 8192 (order: 4, 65536 bytes)
[    0.694098] TCP bind hash table entries: 8192 (order: 5, 131072 bytes)
[    0.696466] TCP: Hash tables configured (established 8192 bind 8192)
[    0.698406] UDP hash table entries: 512 (order: 2, 16384 bytes)
[    0.699965] UDP-Lite hash table entries: 512 (order: 2, 16384 bytes)
[    0.701702] NET: Registered protocol family 1
[    0.702977] pci 0000:00:00.0: Limiting direct PCI/PCI transfers
[    0.704566] pci 0000:00:01.0: Activating ISA DMA hang workarounds
[    0.706439] Unpacking initramfs...
[    1.015755] Freeing initrd memory: 14876K
[    1.017240] clocksource: tsc: mask: 0xffffffffffffffff max_cycles: 0x246cdbae981, max_idle_ns: 440795219599 ns
[    1.022185] platform rtc_cmos: registered platform RTC device (no PNP device found)
[    1.026334] Scanning for low memory corruption every 60 seconds
[    1.029960] audit: initializing netlink subsys (disabled)
[    1.031133] audit: type=2000 audit(1586823691.294:1): initialized
[    1.032670] Initialise system trusted keyring
[    1.034093] HugeTLB registered 2 MB page size, pre-allocated 0 pages
[    1.037004] zbud: loaded
[    1.038272] VFS: Disk quotas dquot_6.6.0
[    1.039251] VFS: Dquot-cache hash table entries: 512 (order 0, 4096 bytes)
[    1.041022] squashfs: version 4.0 (2009/01/31) Phillip Lougher
[    1.042719] fuse init (API version 7.23)
[    1.043898] Key type big_key registered
[    1.044820] Allocating IMA MOK and blacklist keyrings.
[    1.047529] Key type asymmetric registered
[    1.048537] Asymmetric key parser 'x509' registered
[    1.049769] Block layer SCSI generic (bsg) driver version 0.4 loaded (major 249)
[    1.051593] io scheduler noop registered
[    1.052513] io scheduler deadline registered (default)
[    1.053752] io scheduler cfq registered
[    1.054779] pci_hotplug: PCI Hot Plug PCI Core version: 0.5
[    1.055984] pciehp: PCI Express Hot Plug Controller Driver version: 0.4
[    1.057554] ACPI: AC Adapter [AC] (on-line)
[    1.058604] input: Power Button as /devices/LNXSYSTM:00/LNXPWRBN:00/input/input0
[    1.060281] ACPI: Power Button [PWRF]
[    1.061291] input: Sleep Button as /devices/LNXSYSTM:00/LNXSLPBN:00/input/input1
[    1.063007] ACPI: Sleep Button [SLPF]
[    1.064127] GHES: HEST is not enabled!
[    1.065276] ACPI: Battery Slot [BAT0] (battery present)
[    1.066829] Serial: 8250/16550 driver, 32 ports, IRQ sharing enabled
[    1.088831] 00:02: ttyS0 at I/O 0x3f8 (irq = 4, base_baud = 115200) is a 16550A
[    1.094278] Linux agpgart interface v0.103
[    1.098417] loop: module loaded
[    1.100217] scsi host0: ata_piix
[    1.101646] scsi host1: ata_piix
[    1.102835] ata1: PATA max UDMA/33 cmd 0x1f0 ctl 0x3f6 bmdma 0xd000 irq 14
[    1.104971] ata2: PATA max UDMA/33 cmd 0x170 ctl 0x376 bmdma 0xd008 irq 15
[    1.107410] libphy: Fixed MDIO Bus: probed
[    1.108865] tun: Universal TUN/TAP device driver, 1.6
[    1.110194] tun: (C) 1999-2004 Max Krasnyansky <maxk@qualcomm.com>
[    1.111777] PPP generic driver version 2.4.2
[    1.112905] ehci_hcd: USB 2.0 'Enhanced' Host Controller (EHCI) Driver
[    1.114240] ehci-pci: EHCI PCI platform driver
[    1.115252] ehci-platform: EHCI generic platform driver
[    1.116396] ohci_hcd: USB 1.1 'Open' Host Controller (OHCI) Driver
[    1.117766] ohci-pci: OHCI PCI platform driver
[    1.118780] ohci-platform: OHCI generic platform driver
[    1.119894] uhci_hcd: USB Universal Host Controller Interface driver
[    1.121323] i8042: PNP: PS/2 Controller [PNP0303:PS2K,PNP0f03:PS2M] at 0x60,0x64 irq 1,12
[    1.123642] serio: i8042 KBD port at 0x60,0x64 irq 1
[    1.124714] serio: i8042 AUX port at 0x60,0x64 irq 12
[    1.126247] mousedev: PS/2 mouse device common for all mice
[    1.127879] input: AT Translated Set 2 keyboard as /devices/platform/i8042/serio0/input/input2
[    1.130309] rtc_cmos rtc_cmos: rtc core: registered rtc_cmos as rtc0
[    1.131663] rtc_cmos rtc_cmos: alarms up to one day, 114 bytes nvram
[    1.133261] i2c /dev entries driver
[    1.134394] device-mapper: uevent: version 1.0.3
[    1.135804] device-mapper: ioctl: 4.34.0-ioctl (2015-10-28) initialised: dm-devel@redhat.com
[    1.138194] ledtrig-cpu: registered to indicate activity on CPUs
[    1.140345] NET: Registered protocol family 10
[    1.141722] NET: Registered protocol family 17
[    1.142727] Key type dns_resolver registered
[    1.144403] registered taskstats version 1
[    1.145456] Loading compiled-in X.509 certificates
[    1.147394] Loaded X.509 cert 'Build time autogenerated kernel key: a048edf52b07f04005c7780de0f875c713550332'
[    1.149564] zswap: loaded using pool lzo/zbud
[    1.154052] Key type trusted registered
[    1.162449] Key type encrypted registered
[    1.163927] AppArmor: AppArmor sha1 policy hashing enabled
[    1.165822] ima: No TPM chip found, activating TPM-bypass!
[    1.167655] ima: Allocated hash algorithm: sha1
[    1.169374] evm: HMAC attrs: 0x1
[    1.171282]   Magic number: 0:857:354
[    1.172654] input event0: hash matches
[    1.173819] rtc_cmos rtc_cmos: setting system clock to 2020-04-14 00:21:26 UTC (1586823686)
[    1.175792] BIOS EDD facility v0.16 2004-Jun-25, 0 devices found
[    1.177054] EDD information not available.
[    1.288265] Freeing unused kernel memory: 1488K
[    1.290211] Write protecting the kernel read-only data: 14336k
[    1.293204] Freeing unused kernel memory: 1604K
[    1.295125] Freeing unused kernel memory: 60K
Loading, please wait...
starting version 229
[    1.322576] random: systemd-udevd: uninitialized urandom read (16 bytes read, 2 bits of entropy available)
[    1.324124] random: udevadm: uninitialized urandom read (16 bytes read, 2 bits of entropy available)
[    1.324188] random: udevadm: uninitialized urandom read (16 bytes read, 2 bits of entropy available)
[    1.333111] random: systemd-udevd: uninitialized urandom read (16 bytes read, 2 bits of entropy available)
[    1.336320] random: systemd-udevd: uninitialized urandom read (16 bytes read, 2 bits of entropy available)
[    1.339560] random: systemd-udevd: uninitialized urandom read (16 bytes read, 2 bits of entropy available)
[    1.344237] random: systemd-udevd: uninitialized urandom read (16 bytes read, 2 bits of entropy available)
[    1.347410] random: systemd-udevd: uninitialized urandom read (16 bytes read, 2 bits of entropy available)
[    1.350479] random: systemd-udevd: uninitialized urandom read (16 bytes read, 2 bits of entropy available)
[    1.351678] random: udevadm: uninitialized urandom read (16 bytes read, 2 bits of entropy available)
[    1.434175] e1000: Intel(R) PRO/1000 Network Driver - version 7.3.21-k8-NAPI
[    1.436198] e1000: Copyright (c) 1999-2006 Intel Corporation.
[    1.441560] Fusion MPT base driver 3.04.20
[    1.442856] Copyright (c) 1999-2008 LSI Corporation
[    1.485444] Fusion MPT SPI Host driver 3.04.20
[    1.666809] input: ImExPS/2 Generic Explorer Mouse as /devices/platform/i8042/serio1/input/input4
[    1.849573] e1000 0000:00:03.0 eth0: (PCI:33MHz:32-bit) 02:ba:b8:ca:39:a3
[    1.850971] e1000 0000:00:03.0 eth0: Intel(R) PRO/1000 Network Connection
[    1.853242] mptbase: ioc0: Initiating bringup
[    2.074861] ioc0: LSI53C1030 A0: Capabilities={Initiator}
[    4.367703] scsi host2: ioc0: LSI53C1030 A0, FwRev=00000000h, Ports=1, MaxQ=256, IRQ=20
[    5.793679] scsi 2:0:0:0: Direct-Access     VBOX     HARDDISK         1.0  PQ: 0 ANSI: 5
[    5.798293] scsi target2:0:0: Beginning Domain Validation
[    5.803339] scsi target2:0:0: Domain Validation skipping write tests
[    5.805251] scsi target2:0:0: Ending Domain Validation
[    5.806605] scsi target2:0:0: asynchronous
[    5.808188] scsi 2:0:1:0: Direct-Access     VBOX     HARDDISK         1.0  PQ: 0 ANSI: 5
[    5.810394] scsi target2:0:1: Beginning Domain Validation
[    5.812649] scsi target2:0:1: Domain Validation skipping write tests
[    5.814093] scsi target2:0:1: Ending Domain Validation
[    5.815266] scsi target2:0:1: asynchronous
[    5.827226] sd 2:0:0:0: Attached scsi generic sg0 type 0
[    5.829712] sd 2:0:0:0: [sda] 20971520 512-byte logical blocks: (10.7 GB/10.0 GiB)
[    5.833962] sd 2:0:1:0: Attached scsi generic sg1 type 0
[    5.836537] sd 2:0:0:0: [sda] Write Protect is off
[    5.838390] sd 2:0:0:0: [sda] Incomplete mode parameter data
[    5.840008] sd 2:0:0:0: [sda] Assuming drive cache: write through
[    5.841478] sd 2:0:1:0: [sdb] 20480 512-byte logical blocks: (10.5 MB/10.0 MiB)
[    5.860219] sd 2:0:1:0: [sdb] Write Protect is off
[    5.862215] sd 2:0:1:0: [sdb] Incomplete mode parameter data
[    5.863871] sd 2:0:1:0: [sdb] Assuming drive cache: write through
[    5.868584]  sda: sda1
[    5.870716] sd 2:0:0:0: [sda] Attached SCSI disk
[    5.897633] sd 2:0:1:0: [sdb] Attached SCSI disk
[    6.173574] e1000 0000:00:08.0 eth1: (PCI:33MHz:32-bit) 08:00:27:1d:13:c3
[    6.175087] e1000 0000:00:08.0 eth1: Intel(R) PRO/1000 Network Connection
[    6.178994] e1000 0000:00:08.0 enp0s8: renamed from eth1
[    6.791910] e1000 0000:00:03.0 enp0s3: renamed from eth0
Begin: Loading essential drivers ... [    8.439646] md: linear personality registered for level -1
[    8.445960] md: multipath personality registered for level -4
[    8.452383] md: raid0 personality registered for level 0
[    8.460665] md: raid1 personality registered for level 1
[    8.548867] raid6: sse2x1   gen()  7499 MB/s
[    8.632874] raid6: sse2x1   xor()  5983 MB/s
[    8.716883] raid6: sse2x2   gen()  8910 MB/s
[    8.792864] raid6: sse2x2   xor()  6218 MB/s
[    8.872911] raid6: sse2x4   gen() 10282 MB/s
[    8.957014] raid6: sse2x4   xor()  6148 MB/s
[    8.958359] raid6: using algorithm sse2x4 gen() 10282 MB/s
[    8.959834] raid6: .... xor() 6148 MB/s, rmw enabled
[    8.962546] raid6: using ssse3x2 recovery algorithm
[    8.966415] xor: measuring software checksum speed
[    9.056899]    prefetch64-sse: 33223.000 MB/sec
[    9.148839]    generic_sse: 29558.000 MB/sec
[    9.149919] xor: using function: prefetch64-sse (33223.000 MB/sec)
[    9.155346] async_tx: api initialized (async)
[    9.173523] md: raid6 personality registered for level 6
[    9.175299] md: raid5 personality registered for level 5
[    9.177010] md: raid4 personality registered for level 4
[    9.188609] md: raid10 personality registered for level 10
done.
Begin: Running /scripts/init-premount ... done.
Begin: Mounting root file system ... Begin: Running /scripts/local-top ... done.
Begin: Running /scripts/local-premount ... [    9.240070] Btrfs loaded
Scanning for Btrfs filesystems
done.
Warning: fsck not present, so skipping root file system
[    9.329521] EXT4-fs (sda1): mounted filesystem with ordered data mode. Opts: (null)
done.
Begin: Running /scripts/local-bottom ... done.
Begin: Running /scripts/init-bottom ... done.
[    9.896212] systemd[1]: systemd 229 running in system mode. (+PAM +AUDIT +SELINUX +IMA +APPARMOR +SMACK +SYSVINIT +UTMP +LIBCRYPTSETUP +GCRYPT +GNUTLS +ACL +XZ -LZ4 +SECCOMP +BLKID +ELFUTILS +KMOD -IDN)
[    9.903160] systemd[1]: Detected virtualization oracle.
[    9.905183] systemd[1]: Detected architecture x86-64.

Welcome to [1mUbuntu 16.04.6 LTS[0m!

[    9.934171] systemd[1]: Set hostname to <ubuntu>.
[    9.968034] systemd[1]: Initializing machine ID from random generator.
[    9.971288] systemd[1]: Installed transient /etc/machine-id file.
[   10.434153] random: nonblocking pool is initialized
[   11.050642] systemd[1]: Listening on Journal Audit Socket.
[[0;32m  OK  [0m] Listening on Journal Audit Socket.
[   11.054298] systemd[1]: Listening on Device-mapper event daemon FIFOs.
[[0;32m  OK  [0m] Listening on Device-mapper event daemon FIFOs.
[   11.057832] systemd[1]: Reached target System Time Synchronized.
[[0;32m  OK  [0m] Reached target System Time Synchronized.
[   11.062006] systemd[1]: Listening on /dev/initctl Compatibility Named Pipe.
[[0;32m  OK  [0m] Listening on /dev/initctl Compatibility Named Pipe.
[   11.066170] systemd[1]: Listening on Journal Socket.
[[0;32m  OK  [0m] Listening on Journal Socket.
[   11.069493] systemd[1]: Listening on udev Control Socket.
[[0;32m  OK  [0m] Listening on udev Control Socket.
[   11.072801] systemd[1]: Listening on Journal Socket (/dev/log).
[[0;32m  OK  [0m] Listening on Journal Socket (/dev/log).
[   11.076501] systemd[1]: Created slice System Slice.
[[0;32m  OK  [0m] Created slice System Slice.
[   11.089024] systemd[1]: Mounting Huge Pages File System...
         Mounting Huge Pages File System...
[   11.109846] systemd[1]: Starting Load Kernel Modules...
         Starting Load Kernel Modules...
[   11.115362] systemd[1]: Created slice system-serial\x2dgetty.slice.
[[0;32m  OK  [0m] Created slice system-serial\x2dgetty.slice.
[   11.122138] systemd[1]: Mounting POSIX Message Queue File System...
         Mounting POSIX Message Queue File System...
[   11.126578] systemd[1]: Starting Uncomplicated firewall...
         Starting Uncomplicated firewall...
[   11.130675] systemd[1]: Starting Remount Root and Kernel File Systems...
         Starting Remount Root and Kernel File Systems...
[   11.134365] systemd[1]: Set up automount Arbitrary Executable File Formats File System Automount Point.
[[0;32m  OK  [0m] Set up automount Arbitrary Executab...ats File System Automount Point.
[   11.152457] EXT4-fs (sda1): re-mounted. Opts: (null)
[   11.154338] systemd[1]: Started Trigger resolvconf update for networkd DNS.
[[0;32m  OK  [0m] Started Trigger resolvconf update for networkd DNS.
[   11.177155] systemd[1]: Mounting Debug File System...
         Mounting Debug File System...
[   11.182585] systemd[1]: Starting Create list of required static device nodes for the current kernel...
         Starting Create list of required st... nodes for the current kernel...
[   11.193198] systemd[1]: Reached target Swap.
[[0;32m  OK  [0m] Reached target Swap.
[   11.196104] systemd[1]: Created slice User and Session Slice.
[[0;32m  OK  [0m] Created slice User and Session Slice.
[   11.200255] systemd[1]: Reached target Slices.
[[0;32m  OK  [0m] Reached target Slices.
[   11.205333] systemd[1]: Starting Nameserver information manager...
         Starting Nameserver information manager...
[   11.208814] systemd[1]: Reached target User and Group Name Lookups.
[[0;32m  OK  [0m] Reached target User and Group Name Lookups.
[   11.212669] systemd[1]: Listening on LVM2 poll daemon socket.
[[0;32m  OK  [0m] Listening on LVM2 poll daemon socket.
[   11.216169] systemd[1]: Listening on LVM2 metadata daemon socket.
[[0;32m  OK  [0m] Listening on LVM2 metadata daemon socket.
[   11.221636] systemd[1]: Starting Monitoring of LVM2 mirrors, snapshots etc. using dmeventd or progress polling...
         Starting Monitoring of LVM2 mirrors... dmeventd or progress polling...
[   11.227431] systemd[1]: Started Forward Password Requests to Wall Directory Watch.
[[0;32m  OK  [0m] Started Forward Password Requests to Wall Directory Watch.
[   11.232505] systemd[1]: Listening on Syslog Socket.
[[0;32m  OK  [0m] Listening on Syslog Socket.
[   11.237191] systemd[1]: Starting Journal Service...
         Starting Journal Service...
[   11.241324] systemd[1]: Starting Set console keymap...
         Starting Set console keymap...
[   11.244134] systemd[1]: Reached target Encrypted Volumes.
[[0;32m  OK  [0m] Reached target Encrypted Volumes.
[   11.247553] systemd[1]: Listening on udev Kernel Socket.
[[0;32m  OK  [0m] Listening on udev Kernel Socket.
[   11.254097] systemd[1]: Mounted Huge Pages File System.
[[0;32m  OK  [0m] Mounted Huge Pages File System.
[   11.257243] systemd[1]: Mounted Debug File System.
[[0;32m  OK  [0m] Mounted Debug File System.
[   11.260046] systemd[1]: Mounted POSIX Message Queue File System.
[[0;32m  OK  [0m] Mounted POSIX Message Queue File System.
[   11.265067] systemd[1]: Started Uncomplicated firewall.
[[0;32m  OK  [0m] Started Uncomplicated firewall.
[   11.269808] systemd[1]: Started Remount Root and Kernel File Systems.
[[0;32m  OK  [0m] Started Remount Root and Kernel File Systems.
[   11.325816] systemd[1]: Starting udev Coldplug all Devices...
         Starting udev Coldplug all Devices...
[   11.332250] systemd[1]: Starting Load/Save Random Seed...
         Starting Load/Save Random Seed...
[   11.351816] systemd[1]: Started Nameserver information manager.
[[0;32m  OK  [0m] Started Nameserver information manager.
[   11.374969] Loading iSCSI transport class v2.0-870.
[   11.403602] systemd[1]: Started Create list of required static device nodes for the current kernel.
[[0;32m  OK  [0m] Started Create list of required sta...ce nodes for the current kernel.
[   11.425844] systemd[1]: Starting Create Static Device Nodes in /dev...
         Starting Create Static Device Nodes in /dev...
[   11.463342] systemd[1]: Started Load/Save Random Seed.
[[0;32m  OK  [0m] Started Load/Save Random Seed.
[   11.524340] iscsi: registered transport (tcp)
[   11.535288] systemd[1]: Started udev Coldplug all Devices.
[[0;32m  OK  [0m] Started udev Coldplug all Devices.
[   11.572512] systemd[1]: Started Set console keymap.
[[0;32m  OK  [0m] Started Set console keymap.
[   11.721416] systemd[1]: Started LVM2 metadata daemon.
[[0;32m  OK  [0m] Started LVM2 metadata daemon.
[   11.729808] systemd[1]: Started Journal Service.
[[0;32m  OK  [0m] Started Journal Service.
         Starting Flush Journal to Persistent Storage...
[   11.881492] iscsi: registered transport (iser)
[[0;32m  OK  [0m] Started Load Kernel Modules.
         Mounting FUSE Control File System...
         Starting Apply Kernel Variables...
[[0;32m  OK  [0m] Mounted FUSE Control File System.
[   11.911223] systemd-journald[384]: Received request to flush runtime journal from PID 1
[[0;32m  OK  [0m] Started Monitoring of LVM2 mirrors,...ng dmeventd or progress polling.
[[0;32m  OK  [0m] Started Flush Journal to Persistent Storage.
[[0;32m  OK  [0m] Started Create Static Device Nodes in /dev.
[[0;32m  OK  [0m] Reached target Local File Systems (Pre).
[[0;32m  OK  [0m] Reached target Local File Systems.
         Starting Create Volatile Files and Directories...
         Starting Set console font and keymap...
         Starting Initial cloud-init job (pre-networking)...
         Starting LSB: AppArmor initialization...
         Starting Commit a transient machine-id on disk...
         Starting Tell Plymouth To Write Out Runtime Data...
         Starting udev Kernel Device Manager...
[[0;32m  OK  [0m] Started Apply Kernel Variables.
[[0;32m  OK  [0m] Started Commit a transient machine-id on disk.
[[0;32m  OK  [0m] Started Create Volatile Files and Directories.
         Starting Update UTMP about System Boot/Shutdown...
[[0;32m  OK  [0m] Started Tell Plymouth To Write Out Runtime Data.
[[0;32m  OK  [0m] Started Update UTMP about System Boot/Shutdown.
[[0;32m  OK  [0m] Started udev Kernel Device Manager.
[[0;32m  OK  [0m] Started Dispatch Password Requests to Console Directory Watch.
[[0;32m  OK  [0m] Found device /dev/ttyS0.
[[0;32m  OK  [0m] Listening on Load/Save RF Kill Switch Status /dev/rfkill Watch.
[[0;32m  OK  [0m] Started LSB: AppArmor initialization.
[[0;32m  OK  [0m] Started Set console font and keymap.
[[0;32m  OK  [0m] Created slice system-getty.slice.
[   17.065140] cloud-init[454]: Cloud-init v. 19.4-33-gbb4131a2-0ubuntu1~16.04.1 running 'init-local' at Tue, 14 Apr 2020 00:21:41 +0000. Up 16.28 seconds.
[[0;32m  OK  [0m] Started Initial cloud-init job (pre-networking).
[[0;32m  OK  [0m] Reached target Network (Pre).
         Starting Raise network interfaces...
[[0;32m  OK  [0m] Started Raise network interfaces.
         Starting Initial cloud-init job (metadata service crawler)...
[[0;32m  OK  [0m] Reached target Network.
[   20.512167] cloud-init[953]: Cloud-init v. 19.4-33-gbb4131a2-0ubuntu1~16.04.1 running 'init' at Tue, 14 Apr 2020 00:21:43 +0000. Up 18.34 seconds.
[   20.517040] cloud-init[953]: ci-info: ++++++++++++++++++++++++++++++++++++++Net device info+++++++++++++++++++++++++++++++++++++++
[   20.532944] cloud-init[953]: ci-info: +--------+-------+----------------------------+---------------+--------+-------------------+
[   20.536095] cloud-init[953]: ci-info: | Device |   Up  |          Address           |      Mask     | Scope  |     Hw-Address    |
[   20.539241] cloud-init[953]: ci-info: +--------+-------+----------------------------+---------------+--------+-------------------+
[   20.542389] cloud-init[953]: ci-info: | enp0s3 |  True |         10.0.2.15          | 255.255.255.0 | global | 02:ba:b8:ca:39:a3 |
[   20.545518] cloud-init[953]: ci-info: | enp0s3 |  True | fe80::ba:b8ff:feca:39a3/64 |       .       |  link  | 02:ba:b8:ca:39:a3 |
[   20.548861] cloud-init[953]: ci-info: | enp0s8 | False |             .              |       .       |   .    | 08:00:27:1d:13:c3 |
[   20.560367] cloud-init[953]: ci-info: |   lo   |  True |         127.0.0.1          |   255.0.0.0   |  host  |         .         |
[   20.565190] cloud-init[953]: ci-info: |   lo   |  True |          ::1/128           |       .       |  host  |         .         |
[   20.573001] cloud-init[953]: ci-info: +--------+-------+----------------------------+---------------+--------+-------------------+
[   20.577115] cloud-init[953]: ci-info: +++++++++++++++++++++++++++Route IPv4 info++++++++++++++++++++++++++++
[   20.580222] cloud-init[953]: ci-info: +-------+-------------+----------+---------------+-----------+-------+
[   20.582929] cloud-init[953]: ci-info: | Route | Destination | Gateway  |    Genmask    | Interface | Flags |
[   20.592166] cloud-init[953]: ci-info: +-------+-------------+----------+---------------+-----------+-------+
[   20.595349] cloud-init[953]: ci-info: |   0   |   0.0.0.0   | 10.0.2.2 |    0.0.0.0    |   enp0s3  |   UG  |
[   20.597722] cloud-init[953]: ci-info: |   1   |   10.0.2.0  | 0.0.0.0  | 255.255.255.0 |   enp0s3  |   U   |
[   20.600030] cloud-init[953]: ci-info: +-------+-------------+----------+---------------+-----------+-------+
[   20.604023] cloud-init[953]: ci-info: +++++++++++++++++++Route IPv6 info+++++++++++++++++++
[   20.606667] cloud-init[953]: ci-info: +-------+-------------+---------+-----------+-------+
[   20.609388] cloud-init[953]: ci-info: | Route | Destination | Gateway | Interface | Flags |
[   20.617407] cloud-init[953]: ci-info: +-------+-------------+---------+-----------+-------+
[   20.628832] cloud-init[953]: ci-info: |   0   |  fe80::/64  |    ::   |   enp0s3  |   U   |
[   20.634543] cloud-init[953]: ci-info: |   3   |   ff00::/8  |    ::   |   enp0s3  |   U   |
[   20.637688] cloud-init[953]: ci-info: +-------+-------------+---------+-----------+-------+
[   20.641802] cloud-init[953]: Generating public/private rsa key pair.
[   20.644726] cloud-init[953]: Your identification has been saved in /etc/ssh/ssh_host_rsa_key.
[   20.647103] cloud-init[953]: Your public key has been saved in /etc/ssh/ssh_host_rsa_key.pub.
[   20.653095] cloud-init[953]: The key fingerprint is:
[   20.655314] cloud-init[953]: SHA256:/NMD5huZ1NNawgJyj7LgFS6oDeL8x8LPNOv24rG9duE root@ubuntu-xenial
[   20.658150] cloud-init[953]: The key's randomart image is:
[   20.660127] cloud-init[953]: +---[RSA 2048]----+
[   20.662122] cloud-init[953]: |                 |[[0;32m  OK  [0m
] Started Initial cloud-init job (metadata service crawler).[   20.664861] cloud-init[953]: |                 |
[   20.665755] cloud-init[953]: |      o o        |
[   20.666602] cloud-init[953]: |   . . = + o .   |
[   20.667188] cloud-init[953]: |o . o + S * = o  |
[   20.668120] cloud-init[953]: |++ . + o * * =   |

[[0;32m  OK  [0m] Reached target Cloud-config availability.
[   20.668504] cloud-init[953]: |.oo o+. . O +    |
[[0;32m  OK  [0m] Reached target Network is Online.
[   20.684249] cloud-init[953]: |  .oo=*. E + .   |
[   20.686959] cloud-init[953]: |   .BB++o .      |
[   20.688856] cloud-init[953]: +----[SHA256]-----+
[   20.690638] cloud-init[953]: Generating public/private dsa key pair.
[   20.692847] cloud-init[953]: Your identification has been saved in /etc/ssh/ssh_host_dsa_key.
[   20.695665] cloud-init[953]: Your public key has been saved in /etc/ssh/ssh_host_dsa_key.pub.
[   20.697604] cloud-init[953]: The key fingerprint is:
[   20.700022] cloud-init[953]: SHA256:Tbe5qwcB9tFbAfOOWYLR9uiBGgD0eALP9gs3tdWnDF8 root@ubuntu-xenial
[   20.702335] cloud-init[953]: The key's randomart image is:
[   20.703764] cloud-init[953]: +---[DSA 1024]----+
[   20.705306] cloud-init[953]: |  ..o.    .oo... |
[   20.705600] cloud-init[953]: |   + o. o .++o.  |
[   20.705846] cloud-init[953]: |    * oo.o=++=E  |
[   20.706600] cloud-init[953]: |   . + ..=+=+%.  |
[   20.707882] cloud-init[953]: |    . + So.oO..  |
         Starting iSCSI initiator daemon (iscsid)...
[[   20.709004] cloud-init[953]: |     o o. . ..   |
[   20.712548] cloud-init[953]: |      .    ..    |
[   20.713646] cloud-init[953]: |            ..   |
[   20.714170] cloud-init[953]: |          .o.    |
[   20.714452] cloud-init[953]: +----[SHA256]-----+
[   20.714615] cloud-init[953]: Generating public/private ecdsa key pair.
[   20.714981] cloud-init[953]: Your identification has been saved in /etc/ssh/ssh_host_ecdsa_key.
[   20.715389] cloud-init[953]: Your public key has been saved in /etc/ssh/ssh_host_ecdsa_key.pub.
[   20.715659] cloud-init[953]: The key fingerprint is:
[   20.717424] cloud-init[953]: SHA256:jvEkvR8ID8R6rAM6zTB9tW+USRVTGYuC0+qWdXhWyuc root@ubuntu-xenial
[   20.717835] cloud-init[953]: The key's randomart image is:
[   20.718491] cloud-init[953]: +---[ECDSA 256]---+
[0;32m  OK  [0m] Reached target System Initialization.
[   20.718728] cloud-init[953]: |          +ooo   |
[   20.726758] cloud-init[953]: |     . o . o..   |
[   20.727152] cloud-init[953]: |      * + . o    |
[   20.727703] cloud-init[953]: | .   = * * o     |
[   20.728273] cloud-init[953]: |o o o X S * .    |
[   20.728552] cloud-init[953]: | * o + / * o     |
         Starting Socket activation for snappy daemon.
[   20.729192] cloud-init[953]: |o o o = O . E    |
[   20.729631] cloud-init[953]: | .   o . . .     |
[   20.730003] cloud-init[953]: |          .      |
[   20.732483] cloud-init[953]: +----[SHA256]-----+
[   20.734206] cloud-init[953]: Generating public/private ed25519 key pair.
[   20.734527] cloud-init[953]: Your identification has been saved in /etc/ssh/ssh_host_ed25519_key.
[[0;32m  OK  [0m] Listening on ACPID Listen Socket.[   20.734809] 
cloud-init[953]: Your public key has been saved in /etc/ssh/ssh_host_ed25519_key.pub.
[   20.744384] cloud-init[953]: The key fingerprint is:
[   20.745762] cloud-init[953]: SHA256:qo0kSV7eD2MS3GaT0iYz31/Sx32n6FochWO3ZNtKk8E root@ubuntu-xenial
[   20.748164] cloud-init[953]: The key's randomart image is:
[   20.750007] cloud-init[953]: +--[ED25519 256]--+
[   20.751569] cloud-init[953]: |                 |
[   20.760495] cloud-init[953]: |             o   |
[   20.762756] cloud-init[953]: |            + E  |
[   20.764374] cloud-init[953]: |   . o .   . * * |
[   20.765815] cloud-init[953]: |  . O O S   . * .|
[   20.767171] cloud-init[953]: | o + % +   o + + |
[   20.768561] cloud-init[953]: |  + + B . . = + +|
[   20.769859] cloud-init[953]: |   o * + . + o .o|
[   20.771295] cloud-init[953]: |    o . . ooo .  |
[   20.772756] cloud-init[953]: +----[SHA256]-----+
[[0;32m  OK  [0m] Started ACPI Events Check.
[[0;32m  OK  [0m] Reached target Paths.
[[0;32m  OK  [0m] Started Daily apt download activities.
[[0;32m  OK  [0m] Started Daily apt upgrade and clean activities.
         Starting LXD - unix socket.
[[0;32m  OK  [0m] Listening on UUID daemon activation socket.
[[0;32m  OK  [0m] Listening on D-Bus System Message Bus Socket.
[[0;32m  OK  [0m] Started Message of the Day.
[[0;32m  OK  [0m] Started Daily Cleanup of Temporary Directories.
[[0;32m  OK  [0m] Reached target Timers.
[[0;32m  OK  [0m] Listening on Socket activation for snappy daemon.
[[0;32m  OK  [0m] Listening on LXD - unix socket.
[[0;32m  OK  [0m] Reached target Sockets.
[[0;32m  OK  [0m] Reached target Basic System.
         Starting Login Service...
         Starting LSB: MD monitoring daemon...
         Starting System Logging Service...
[[0;32m  OK  [0m] Started Regular background program processing daemon.
         Starting Virtualbox guest utils...
         Starting /etc/rc.local Compatibility...
[[0;32m  OK  [0m] Started ACPI event daemon.
         Starting Accounts Service...
[[0;32m  OK  [0m] Started FUSE filesystem for LXC.
[[0;32m  OK  [0m] Started Deferred execution scheduler.
         Starting LXD - container startup/shutdown...
[[0;32m  OK  [0m] Started D-Bus System Message Bus.
         Starting LSB: Record successful boot for GRUB...
         Starting Pollinate to seed the pseudo random number generator...
         Starting Snappy daemon...
[[0;32m  OK  [0m] Started System Logging Service.
[[0;32m  OK  [0m] Started /etc/rc.local Compatibility.
[[0;32m  OK  [0m] Started iSCSI initiator daemon (iscsid).
[[0;32m  OK  [0m] Started Login Service.
[[0;32m  OK  [0m] Started Unattended Upgrades Shutdown.
         Starting Authenticate and Authorize Users to Run Privileged Tasks...
         Starting Login to default iSCSI targets...
[[0;32m  OK  [0m] Started LSB: Record successful boot for GRUB.
[[0;32m  OK  [0m] Started LSB: MD monitoring daemon.
[[0;32m  OK  [0m] Started Login to default iSCSI targets.
[[0;32m  OK  [0m] Reached target Remote File Systems (Pre).
[[0;32m  OK  [0m] Reached target Remote File Systems.
         Starting Permit User Sessions...
         Starting LSB: automatic crash report generation...
         Starting LSB: daemon to balance interrupts for SMP systems...
         Starting LSB: Set the CPU Frequency Scaling governor to "ondemand"...
[[0;32m  OK  [0m] Started Authenticate and Authorize Users to Run Privileged Tasks.
[[0;32m  OK  [0m] Started Accounts Service.
[[0;32m  OK  [0m] Started Permit User Sessions.
         Starting Terminate Plymouth Boot Screen...
         Starting Hold until boot process finishes up...
[[0;32m  OK  [0m] Started Hold until boot process finishes up.
[[0;32m  OK  [0m] Started Terminate Plymouth Boot Screen.
         Starting Set console scheme...
[[0;32m  OK  [0m] Started Getty on tty1.
[[0;32m  OK  [0m] Started Serial Getty on ttyS0.
[[0;32m  OK  [0m] Reached target Login Prompts.
[[0;32m  OK  [0m] Started LSB: Set the CPU Frequency Scaling governor to "ondemand".
[[0;32m  OK  [0m] Started LSB: automatic crash report generation.
[[0;32m  OK  [0m] Started Set console scheme.
[[0;32m  OK  [0m] Started Virtualbox guest utils.
[[0;32m  OK  [0m] Started LSB: daemon to balance interrupts for SMP systems.
[[0;32m  OK  [0m] Started LXD - container startup/shutdown.
[[0;32m  OK  [0m] Started Snappy daemon.
         Starting Wait until snapd is fully seeded...
[[0;32m  OK  [0m] Started Pollinate to seed the pseudo random number generator.
         Starting OpenBSD Secure Shell server...
[[0;32m  OK  [0m] Started OpenBSD Secure Shell server.
[[0;32m  OK  [0m] Created slice User Slice of vagrant.
         Starting User Manager for UID 1000...
[[0;32m  OK  [0m] Started Session 1 of user vagrant.
[[0;32m  OK  [0m] Started Wait until snapd is fully seeded.
         Starting Apply the settings specified in cloud-config...
[[0;32m  OK  [0m] Reached target Multi-User System.
[[0;32m  OK  [0m] Reached target Graphical Interface.
         Starting Update UTMP about System Runlevel Changes...
[[0;32m  OK  [0m] Started User Manager for UID 1000.
[[0;32m  OK  [0m] Started Update UTMP about System Runlevel Changes.
[   28.144705] cloud-init[1325]: Generating locales (this might take a while)...

Ubuntu 16.04.6 LTS ubuntu-xenial ttyS0

ubuntu-xenial login: [   29.917452] cloud-init[1325]:   en_US.UTF-8... done
[   29.918598] cloud-init[1325]: Generation complete.
[   31.326655] cloud-init[1325]: Cloud-init v. 19.4-33-gbb4131a2-0ubuntu1~16.04.1 running 'modules:config' at Tue, 14 Apr 2020 00:21:53 +0000. Up 27.70 seconds.
ci-info: no authorized SSH keys fingerprints found for user ubuntu.
<14>Apr 14 00:21:57 ec2: 
<14>Apr 14 00:21:57 ec2: #############################################################
<14>Apr 14 00:21:57 ec2: -----BEGIN SSH HOST KEY FINGERPRINTS-----
<14>Apr 14 00:21:57 ec2: 1024 SHA256:Tbe5qwcB9tFbAfOOWYLR9uiBGgD0eALP9gs3tdWnDF8 root@ubuntu-xenial (DSA)
<14>Apr 14 00:21:57 ec2: 256 SHA256:jvEkvR8ID8R6rAM6zTB9tW+USRVTGYuC0+qWdXhWyuc root@ubuntu-xenial (ECDSA)
<14>Apr 14 00:21:57 ec2: 256 SHA256:qo0kSV7eD2MS3GaT0iYz31/Sx32n6FochWO3ZNtKk8E root@ubuntu-xenial (ED25519)
<14>Apr 14 00:21:57 ec2: 2048 SHA256:/NMD5huZ1NNawgJyj7LgFS6oDeL8x8LPNOv24rG9duE root@ubuntu-xenial (RSA)
<14>Apr 14 00:21:57 ec2: -----END SSH HOST KEY FINGERPRINTS-----
<14>Apr 14 00:21:57 ec2: #############################################################
-----BEGIN SSH HOST KEY KEYS-----
ecdsa-sha2-nistp256 AAAAE2VjZHNhLXNoYTItbmlzdHAyNTYAAAAIbmlzdHAyNTYAAABBBMMpVISaJzdAEr4OCtgs/oI19mHl4JdUcB3UAEPh3hkyK3U8kR5ecbxtvjPjF7ARjn3LcnirwwtY6vLHTr1WfnA= root@ubuntu-xenial
ssh-ed25519 AAAAC3NzaC1lZDI1NTE5AAAAIHaB1XbLpf7ETnuTmBtTpnL5bG+kuntsd9mg7sZ9j54w root@ubuntu-xenial
ssh-rsa AAAAB3NzaC1yc2EAAAADAQABAAABAQCkAafxfkly5JHt8dxDbsgXrGm5785p2WU4b3NiPvyFQb8NFGf030lsyNz7BBI7tiz0S76xkYvTTV5wno6AH03UFFdejZUM1LNqiDFrl2VkojdJ8PpcQTKqp8bBQcyzpmvyPwN7pPA9e/D8rPR78U3D7mp6g8c2Wc275cHwuN75yt4g4dOjQcTREo9IEmiTXizNEJGejyT+ENVdKf9ZRrqYWXCYKqNbUPIWQ7C/lrvYZxSge6XlKYTsMWoYtGgsDL5FC41ZdclvKiakbAgu16/MlDySOH7kaN9gjM0OTzx6HvDn86nLxbaiipp7GD4KKy9MMvRif/zFM+67zjSMsobh root@ubuntu-xenial
-----END SSH HOST KEY KEYS-----
[   32.299135] cloud-init[1554]: Cloud-init v. 19.4-33-gbb4131a2-0ubuntu1~16.04.1 running 'modules:final' at Tue, 14 Apr 2020 00:21:57 +0000. Up 31.97 seconds.
[   32.299674] cloud-init[1554]: ci-info: no authorized SSH keys fingerprints found for user ubuntu.
[   32.301202] cloud-init[1554]: Cloud-init v. 19.4-33-gbb4131a2-0ubuntu1~16.04.1 finished at Tue, 14 Apr 2020 00:21:57 +0000. Datasource DataSourceNoCloud [seed=/dev/sdb][dsmode=net].  Up 32.27 seconds
